mode: set
github.com/hermione/echo-mysql/main.go:18.13,21.16 3 0
github.com/hermione/echo-mysql/main.go:21.16,25.3 2 0
github.com/hermione/echo-mysql/main.go:27.2,29.16 3 0
github.com/hermione/echo-mysql/main.go:29.16,32.3 2 0
github.com/hermione/echo-mysql/main.go:33.2,33.19 1 0
github.com/hermione/echo-mysql/main.go:36.24,40.38 2 0
github.com/hermione/echo-mysql/main.go:40.38,42.4 1 0
github.com/hermione/echo-mysql/main.go:44.2,45.40 2 0
github.com/hermione/echo-mysql/main.go:45.40,47.3 1 0
github.com/hermione/echo-mysql/main.go:48.2,48.51 1 0
github.com/hermione/echo-mysql/main.go:48.51,50.3 1 0
github.com/hermione/echo-mysql/main.go:52.2,52.53 1 0
github.com/hermione/echo-mysql/main.go:52.53,55.18 3 0
github.com/hermione/echo-mysql/main.go:55.18,57.4 1 0
github.com/hermione/echo-mysql/main.go:59.3,59.53 1 0
github.com/hermione/echo-mysql/main.go:62.2,62.48 1 0
github.com/hermione/echo-mysql/main.go:62.48,64.37 2 0
github.com/hermione/echo-mysql/main.go:64.37,66.4 1 0
github.com/hermione/echo-mysql/main.go:68.3,70.17 3 0
github.com/hermione/echo-mysql/main.go:70.17,72.4 1 0
github.com/hermione/echo-mysql/main.go:74.3,75.36 2 0
github.com/hermione/echo-mysql/main.go:81.2,81.34 1 0
github.com/hermione/echo-mysql/uss/short.go:12.51,17.2 4 0
github.com/hermione/echo-mysql/uss/short.go:19.36,23.2 3 0
github.com/hermione/echo-mysql/uss/short.go:25.41,29.2 3 0
github.com/hermione/echo-mysql/uss/store.go:26.57,41.16 4 0
github.com/hermione/echo-mysql/uss/store.go:41.16,43.3 1 0
github.com/hermione/echo-mysql/uss/store.go:45.2,46.16 2 0
github.com/hermione/echo-mysql/uss/store.go:46.16,48.3 1 0
github.com/hermione/echo-mysql/uss/store.go:50.2,54.58 4 0
github.com/hermione/echo-mysql/uss/store.go:54.58,57.3 2 0
github.com/hermione/echo-mysql/uss/store.go:59.2,59.12 1 0
github.com/hermione/echo-mysql/uss/store.go:62.25,64.35 2 0
github.com/hermione/echo-mysql/uss/store.go:64.35,67.3 2 0
github.com/hermione/echo-mysql/uss/store.go:70.52,73.2 2 0
github.com/hermione/echo-mysql/uss/store.go:75.66,78.21 3 0
github.com/hermione/echo-mysql/uss/store.go:78.21,80.3 1 0
github.com/hermione/echo-mysql/uss/store.go:82.2,83.17 2 0
