<?xml version="1.0" encoding="UTF-8"?>
<!DOCTYPE coverage SYSTEM "http://cobertura.sourceforge.net/xml/coverage-04.dtd">
<coverage line-rate="0" branch-rate="0" lines-covered="0" lines-valid="73" branches-covered="0" branches-valid="0" complexity="0" version="" timestamp="1753087056718">
	<packages>
		<package name="github.com/hermione/echo-mysql" line-rate="0" branch-rate="0" complexity="0" line-count="36" line-hits="0">
			<classes>
				<class name="-" filename="main.go" line-rate="0" branch-rate="0" complexity="0" line-count="36" line-hits="0">
					<methods>
						<method name="main" signature="" line-rate="0" branch-rate="0" complexity="0" line-count="0" line-hits="0">
							<lines>
								<line number="19" hits="0"></line>
								<line number="20" hits="0"></line>
								<line number="21" hits="0"></line>
								<line number="22" hits="0"></line>
								<line number="23" hits="0"></line>
								<line number="27" hits="0"></line>
								<line number="28" hits="0"></line>
								<line number="29" hits="0"></line>
								<line number="30" hits="0"></line>
								<line number="31" hits="0"></line>
								<line number="33" hits="0"></line>
							</lines>
						</method>
						<method name="StartHTTPServer" signature="" line-rate="0" branch-rate="0" complexity="0" line-count="0" line-hits="0">
							<lines>
								<line number="37" hits="0"></line>
								<line number="38" hits="0"></line>
								<line number="44" hits="0"></line>
								<line number="45" hits="0"></line>
								<line number="48" hits="0"></line>
								<line number="52" hits="0"></line>
								<line number="62" hits="0"></line>
								<line number="81" hits="0"></line>
							</lines>
						</method>
						<method name="@40:12" signature="" line-rate="0" branch-rate="0" complexity="0" line-count="0" line-hits="0">
							<lines>
								<line number="41" hits="0"></line>
							</lines>
						</method>
						<method name="@45:13" signature="" line-rate="0" branch-rate="0" complexity="0" line-count="0" line-hits="0">
							<lines>
								<line number="46" hits="0"></line>
							</lines>
						</method>
						<method name="@48:24" signature="" line-rate="0" branch-rate="0" complexity="0" line-count="0" line-hits="0">
							<lines>
								<line number="49" hits="0"></line>
							</lines>
						</method>
						<method name="@52:26" signature="" line-rate="0" branch-rate="0" complexity="0" line-count="0" line-hits="0">
							<lines>
								<line number="53" hits="0"></line>
								<line number="54" hits="0"></line>
								<line number="55" hits="0"></line>
								<line number="56" hits="0"></line>
								<line number="59" hits="0"></line>
							</lines>
						</method>
						<method name="@62:21" signature="" line-rate="0" branch-rate="0" complexity="0" line-count="0" line-hits="0">
							<lines>
								<line number="63" hits="0"></line>
								<line number="64" hits="0"></line>
								<line number="65" hits="0"></line>
								<line number="68" hits="0"></line>
								<line number="69" hits="0"></line>
								<line number="70" hits="0"></line>
								<line number="71" hits="0"></line>
								<line number="74" hits="0"></line>
								<line number="75" hits="0"></line>
							</lines>
						</method>
					</methods>
					<lines>
						<line number="19" hits="0"></line>
						<line number="20" hits="0"></line>
						<line number="21" hits="0"></line>
						<line number="22" hits="0"></line>
						<line number="23" hits="0"></line>
						<line number="27" hits="0"></line>
						<line number="28" hits="0"></line>
						<line number="29" hits="0"></line>
						<line number="30" hits="0"></line>
						<line number="31" hits="0"></line>
						<line number="33" hits="0"></line>
						<line number="37" hits="0"></line>
						<line number="38" hits="0"></line>
						<line number="44" hits="0"></line>
						<line number="45" hits="0"></line>
						<line number="48" hits="0"></line>
						<line number="52" hits="0"></line>
						<line number="62" hits="0"></line>
						<line number="81" hits="0"></line>
						<line number="41" hits="0"></line>
						<line number="46" hits="0"></line>
						<line number="49" hits="0"></line>
						<line number="53" hits="0"></line>
						<line number="54" hits="0"></line>
						<line number="55" hits="0"></line>
						<line number="56" hits="0"></line>
						<line number="59" hits="0"></line>
						<line number="63" hits="0"></line>
						<line number="64" hits="0"></line>
						<line number="65" hits="0"></line>
						<line number="68" hits="0"></line>
						<line number="69" hits="0"></line>
						<line number="70" hits="0"></line>
						<line number="71" hits="0"></line>
						<line number="74" hits="0"></line>
						<line number="75" hits="0"></line>
					</lines>
				</class>
			</classes>
		</package>
		<package name="github.com/hermione/echo-mysql/uss" line-rate="0" branch-rate="0" complexity="0" line-count="37" line-hits="0">
			<classes>
				<class name="-" filename="uss/short.go" line-rate="0" branch-rate="0" complexity="0" line-count="10" line-hits="0">
					<methods>
						<method name="GenerateShortLink" signature="" line-rate="0" branch-rate="0" complexity="0" line-count="0" line-hits="0">
							<lines>
								<line number="13" hits="0"></line>
								<line number="14" hits="0"></line>
								<line number="15" hits="0"></line>
								<line number="16" hits="0"></line>
							</lines>
						</method>
						<method name="sha256Of" signature="" line-rate="0" branch-rate="0" complexity="0" line-count="0" line-hits="0">
							<lines>
								<line number="20" hits="0"></line>
								<line number="21" hits="0"></line>
								<line number="22" hits="0"></line>
							</lines>
						</method>
						<method name="base58Encoded" signature="" line-rate="0" branch-rate="0" complexity="0" line-count="0" line-hits="0">
							<lines>
								<line number="26" hits="0"></line>
								<line number="27" hits="0"></line>
								<line number="28" hits="0"></line>
							</lines>
						</method>
					</methods>
					<lines>
						<line number="13" hits="0"></line>
						<line number="14" hits="0"></line>
						<line number="15" hits="0"></line>
						<line number="16" hits="0"></line>
						<line number="20" hits="0"></line>
						<line number="21" hits="0"></line>
						<line number="22" hits="0"></line>
						<line number="26" hits="0"></line>
						<line number="27" hits="0"></line>
						<line number="28" hits="0"></line>
					</lines>
				</class>
				<class name="Store" filename="uss/store.go" line-rate="0" branch-rate="0" complexity="0" line-count="27" line-hits="0">
					<methods>
						<method name="Connect" signature="" line-rate="0" branch-rate="0" complexity="0" line-count="0" line-hits="0">
							<lines>
								<line number="28" hits="0"></line>
								<line number="29" hits="0"></line>
								<line number="37" hits="0"></line>
								<line number="41" hits="0"></line>
								<line number="42" hits="0"></line>
								<line number="45" hits="0"></line>
								<line number="46" hits="0"></line>
								<line number="47" hits="0"></line>
								<line number="50" hits="0"></line>
								<line number="51" hits="0"></line>
								<line number="52" hits="0"></line>
								<line number="54" hits="0"></line>
								<line number="55" hits="0"></line>
								<line number="56" hits="0"></line>
								<line number="59" hits="0"></line>
							</lines>
						</method>
						<method name="Close" signature="" line-rate="0" branch-rate="0" complexity="0" line-count="0" line-hits="0">
							<lines>
								<line number="63" hits="0"></line>
								<line number="64" hits="0"></line>
								<line number="65" hits="0"></line>
								<line number="66" hits="0"></line>
							</lines>
						</method>
						<method name="Persist" signature="" line-rate="0" branch-rate="0" complexity="0" line-count="0" line-hits="0">
							<lines>
								<line number="71" hits="0"></line>
								<line number="72" hits="0"></line>
							</lines>
						</method>
						<method name="FindByShortCode" signature="" line-rate="0" branch-rate="0" complexity="0" line-count="0" line-hits="0">
							<lines>
								<line number="76" hits="0"></line>
								<line number="77" hits="0"></line>
								<line number="78" hits="0"></line>
								<line number="79" hits="0"></line>
								<line number="82" hits="0"></line>
								<line number="83" hits="0"></line>
							</lines>
						</method>
					</methods>
					<lines>
						<line number="28" hits="0"></line>
						<line number="29" hits="0"></line>
						<line number="37" hits="0"></line>
						<line number="41" hits="0"></line>
						<line number="42" hits="0"></line>
						<line number="45" hits="0"></line>
						<line number="46" hits="0"></line>
						<line number="47" hits="0"></line>
						<line number="50" hits="0"></line>
						<line number="51" hits="0"></line>
						<line number="52" hits="0"></line>
						<line number="54" hits="0"></line>
						<line number="55" hits="0"></line>
						<line number="56" hits="0"></line>
						<line number="59" hits="0"></line>
						<line number="63" hits="0"></line>
						<line number="64" hits="0"></line>
						<line number="65" hits="0"></line>
						<line number="66" hits="0"></line>
						<line number="71" hits="0"></line>
						<line number="72" hits="0"></line>
						<line number="76" hits="0"></line>
						<line number="77" hits="0"></line>
						<line number="78" hits="0"></line>
						<line number="79" hits="0"></line>
						<line number="82" hits="0"></line>
						<line number="83" hits="0"></line>
					</lines>
				</class>
			</classes>
		</package>
	</packages>
	<sources>
		<source>/Users/ayush/keploy/samples-go/echo-mysql</source>
	</sources>
</coverage>
